bjork army of me 1
pj harvey down by the water 1
amon tobin esthers 1
massive attack inertia creeps 1
scratch massive  koudlam waiting for a sign 1
lamb one 1
tricky joseph 1
m.i.a. the message 1
emptyset dissolve 1
amon tobin esther's 1
noga erez toy 1
noga erez dance while you shoot 1
m.i.a ali r u ok 1
silent strike its not safe to turn off your computer ( em) 1
arca desafio 1
silent strike  em it's not safe to turn off your computer ( em) 1
sevdaliza the valley 0
emptyset speak 1
gazelle twin this is my hand 1
zola jesus exhumed 1
the kills siberian nights 1
trentemoller my conviction 1
débruit  alsarah jibal alnuba 1
men in burka click click click 1
men in burka more khala 1
débruit  alsarah jibal alnuba 1
debruit  istanbul çevreler 1
annasir bol 0
aisha devi 1% 1
portishead chase the tear 1
james holden renata 1
esa williams, auntie flo i want to blow your mind  esa  0
ayia ruins 1
ayia water plant 1
m.i.a. the message 1
the knife stay out here (paula temple percussion ) 1
débruit  alsarah reve du niger 0
ninos du brasil algo ou alguem entre as arvores 1
clap! clap! rainy souls gloomy futures 1
clap! clap! burbuka 1
noga erez quiet one 1
claire boucher, aristophanes, grimes scream 0
jessy lanza  it means i love you 1
miss red rollercoaster 0
miss red fever 1
two fingers sweden 1
 , the echo game  shigeru umebayashi (house of flying daggers soundtrack) 1
mark lanegan, unkle looking for the rain 1
 , the echo game  shigeru umebayashi (house of flying daggers soundtrack) 1
mark lanegan, unkle looking for the rain 1
unkle hold my hand 1
shabazz palaces dawn in luxor  1
young fathers queen is dead 1
carter tutti void v3 1
kangding ray mirrors 1
muslimgauze amber lake 0
muslimgauze turkish sword swallower 1
muslimgauze ulug bek sextant 1
acid arab  cem yildiz stil 1
chassol music is god my love 1
nathan fake  fentiger (clark ) 1
m.i.a. the message 1
m.i.a. born free 1
gazelle twin belly of the beast (zamilska ) 1
princess nokia anomaly 0
kyoka hadue 1
kyoka rot neu 1
nicolai carsten, bender olaf, diamond version get yours 0
gesaffelstein destinations 1
raffertie last train home 1
douglas dare new york 1
acid arab medahat 1
acid arab berberian wedding 1
the do slippery slope 1
these hidden hands  armed 3 0
johann johannsson surveillance 1
nine inch nails this isn't the place 1
nine inch nails me, i'm not 1
cat power silent machine 1
deap vally royal jelly 1
savages the answer 1
samaris brennur stjarna 1
mr. silla breathe 1
lapalux u never know 1
 , son lux lost it to trying 1
moderat ilona ilona 1
m.i.a. the message 1
nosowska nomada 1
michael kiwanuka cold little heart 1
girli asboys 1
danny brown float on 1
warpaint disco//very 1
jones norah, outkast take off your cool 1
paula temple colonized 1
sparklehorse eyepennies 1
pj harvey dress 1
aphex twin window licker 0
bjork pluto 1
kanye west i am a god 1
rihanna desperado 1
radiohead decks dark 1
meira asher sida (aids) 1
the chemical brothers eml ritual 1
pj harvey dress 1
m.i.a. the message 1
anneka life force 1
myss keta le ragazze di porta venezia - versione ferro e fouco 0
ziúr lips 0
jlin calcination 1
none numb (dinamarca ) 0
tartit tabey tarate tabey tarate 1
tartit eha ehenia (el remolón ) 0
ital tek cobra 1
gesaffelstein obsession 1
kelly lee owens lucid 1
kelly lee owens evolution 1
aphex twin come to daddy (mummy ) 1
aphex twin pancake lizard 1
johann johansson the beast 0
nine inch nails the lovers 1
euanwhosarmy  lyndsey lupe for nothing 1
3d  young fathers he says, he needs me  1
not waving  tomorrow we will kill you 1
telepathe so fine 0
fever ray when i grow up 1
l i m c o m e t 1
kangding ray serendipity march 1
jon hopkins collider 1
chassol music is god my love 1
clark everlane 1
m.i.a. the message 1
tzusing   1
sega bodega,shygirl cc 1
shygril nvr 0
the bug  miss red mi lost 1
boys noize, pilo  cerebral 1
alsarah  the nubatones fugu (chancha via circuito ) 1
alsarah  the nubatones wad alnuba (captain planet ) 1
kokoko! l.o.v.e. 1
emmanuel jal kuar (henrik schwarz ) 1
gustavo santaolalla tribal 1
perera elsewhere ebora (paula temple ) 1
tzusing digital properties 0
emptyset descent 1
forest swords the highest flood 1
fka twigs glass  patron 1
these hidden hands variant ( lucrecia dalt) 1
these hidden hands these moments dismantled ( lucrecia dalt) 1
peder mannerfelt lines describing a circle 1
andy stott leaving 1
lorn sv_cheats 0 1
księżyc mm 0
 , baths lammicken (braids cover) 0
moderat nr. 22 1
coucou chloé halo 1
coucou chloé skin like sin 1
m.o.o.n.  paris 1
brodinski bury me 1
the knife we share our mother's health 1
gaika in between 1
dead can dance saldek 1
antimatter black sun 1
tzusing esther 0
the soft moon want 1
born in flamez the coming insurrection (paula temple ) 1
m.i.a. the message 1
ebony bones i see i say 1
kaitlyn aurelia smith, suzanne ciani an intention 0
other lives tamer animals (atoms for peace ) 1
arca thievery 1
death grips guillotine 1
niziński robert, jerz igor orkiestra gniewna 0
vessel anima 1
four tet evening side 1
portishead machine gun 1
sevdaliza scarlette 1
andy stott execution 1
plaster quasar 1
m.i.a. the message 1
madame gandhi the future is female  1
ninos du brasil sombra da lua 1
samba de coco raízes de arcoverde  e boi (maga bo )  0
maga bo  no balanço da canoa  rosângela macedo and marcelo yuka 0
maga bo  homeboys ( max normal) 1
filastine judas goat  1
filastine informal sector parade  1
chassol générique  1
chassol drumachine 1
madan bala sindhu mehndi 1
the budapest film orchestra aj mera jee karda (zimpala ) 0
glasser apply 1
kuedo glow (clark ) 1
the haxan cloak consumed 1
son lux part of this 1
lulu rouge welcome to my dream ( tuco) 1
the acid creeper 1
not waving  head body 1
gustavo santaolalla the blinding sun  1
ryan vail never 1
ryan vail and jealous of the birds  love is a crow 0
abul mogard tumbling relentless heaps 0
gazelle twin anti body 1
vessel euoi 1
nils frahm peter (clark )  1
m.i.a. the message 1
the chemical brothers hey boy hey girl 1
boys noize overthrow (boys noize 303 overdub) 1
birdy nam nam hammer head ( mai lan) 0
arure the way of the warrior 1
gypsy caravan  algerian drum song 1
solace  bounce 1
solace  blood oil gold 1
rikslyd oriented 1
society of silence  baghdad 1
acid arab  fred avril  shadi khries   samira 1
fatima ridin' round (sky high) 1
clark ship is flooding 1
daughter burn it down 1
demdike stare savage distort 0
ben frost rare decay 0
gazelle twin unflesh (carter tutti ) 1
nisennenmondai #6 1
 landside  chains 1
nina kraviz ghetto kraviz 1
fink pilgrim 1
kelpe doubles of everything 1
school of seven bells, prefuse 73 the classical sounds of 73 bells 0
m.i.a. the message 1
nirvana school 1
beastie boys sabotage 1
rage against the machine calm like a bomb 1
korn twist 1
korn porno creep 1
system of a down shimmy 1
juno reactor teahouse 1
linkin park session 1
deftones my own summer 1
the prodigy, juliette lewis spitfire 0
marilyn manson king kill 33 1
dead can dance nierika 1
natacha atlas moustahil 1
pj harvey when under ether 1
pj harvey kamikaze 1
simple acoustic trio hyperballad 0
lorn ghosst 1
night marks experience 1
alix perez chiron 1
shlohmo sippy cup 1
nosaj thing all points back to u 1
beacon  imu 0
burial forgive 1
caribou melody day 1
unkle back and forth 1
sos gunver ryberg, ai¨sha devi, rrose, paula temple  dr2-3 0
ash koosha  guud 1
loops haunt rubber sun grenade 1
loops haunt  galleon 1
m.i.a. the message 1
k.flay                         blood in the cut 1
rezz  edge 1
doldrums hotfoot 1
karol conka boa noite 1
tshegue muanapoto 1
coldcut  on-u sound vitals  roots manuva 1
coldcut  on-u sound kajra mohabbat wala  hamsika iyer 1
moti lal handa powerful shiv raksha kavach 0
shankar mahadevan  mahalaxmi shiva shiva shankara 0
shiva tandava instrumental music 0
uma mohan shiva tandava stotram 1
shiv tandav stotram music dunya 0
tandav on track shiva devoted aghori swag 0
raquy and the cavemen  very short belly dance drum solo 1
amadou binta konté and tidiane thiam diale´lam 0
fatima ridin' round (sky high) 1
unkle, elliott power, mink, and ysée outro (mandatory) 0
ben frost ionia 1
askerbi unaroko   khagaudzh's zafaq 1
coldcut x on-u sound aztec riddim 0
sos gunver ryberg, ai¨sha devi, rrose, paula temple  dr2-1 0
cassius select herd 1
funkstörung laid out  anothr 1
lapalux running to evaporate 1
yemen blues wamid 1
soap  skin mawal jamar 1
populous, miranda nina umi 0
populous, miranda nina azul oro 0
vok breaking bones 1
banks lovesick  1
johann johannsson heptapod b 1
rasina (karolina rec), resina dark sky white water 0
boys noize  hudson mohawke  spank rock  baby 0
colin stetson  sarah neufeld they all came down  0
colin stetson in the clinches 1
mhysa  strobe 1
ofo the black company allah wäkbarr 1
buku front to back  1
amnesia scanner  as chingy 1
clipping. body  blood 1
alessandro cortini la sveglia 1
m.i.a. the message 1
ghetto kumbé   eso no me falla 1
ian william craig  before meaning comes  1
don leisure proper weirdo 1
ben frost tainted love 1
cid rim  petite noir  swnerve 1
resina not here 1
suuns and jerusalem in my heart self 1
fancy rosy  punk police 0
seifu mikael, mikael seifu z zespołem how to save a life / vector of eternity 0
beyonce partition  1
stian westerhus how long 1
m.i.a. the message 1
charles bradley where do we go from here 1
aristophanes  grimes humans become machines 0
coucou chloe flip u (prod. by sega bodega) 0
verge suspension 1
depeche mode personal jesus (boys noize ) 1
birthrights rebirth 1
nosaj thing us (jon hopkins ) 1
gotsome zulu 1
kate fagan i don't wanna be too cool 1
shannon lay dog fiddle 1
soko we might be dead by tomorrow 1
curtis mayfield here but im gone 1
gil scott-heron the revolution will not be televised 1
the kills desperado  1
goat girl country sleaze 1
emptyset axis 1
dj shadow midnight in a perfect world 1
j dilla workinonit 1
don leisure proper weirdo 1
monoloc when i get older 1
danny brown side b dope song 1
boddhi satva ngnari konon  oumou sangaré 1
shannon lay orange tree 1
hector plimmer eastern system (ft drahla) 0
nawksh quantity 0
laurence guy claudi 1
james holden  the animal spirits each moment like the first 1
shabazz palaces  motion sickness  1
shye ben tzur  jonny greenwood  the rajasthan express roked 1
ous mal kaupunkeja 1
peder mannerfelt lines describing a circle 1
solace  blessings adani 0
jain  makeba 1
silent strike  em it's not safe to turn off your computer ( em) 1
moses sumney lonely world 1
the haxan cloak dieu 1
vilde fully fledged 1
m.i.a. the message 1
unkle intro - shin 0
kangding ray mirrors 1
petit singe hue and cry 0
unkle, elliott power, mink, and ysée outro (mandatory) 0
the haxan cloak consumed 1
these hidden hands these moments dismantled ( lucrecia dalt) 1
 poorgrrrl - the bluezzz rn 1
kim gordon, peaches close up 1
ninos du brasil aromobates ndb 1
algiers blood 1
king krule neptune estate 1
petit singe akash ganga (aisha devi necromedia ) 1
autumn's grey solace cybele (the neo tribal ) 0
suuns and jerusalem in my heart metal 1
cat power silent machine 1
max richter infra1 0
nathan fake  fentiger (clark ) 1
sevdaliza mad woman 1
howie lee bankers 1
howie lee muztagata 1
saltland  i only wish this for you 1
liars mess on a mission 1
marylin manson say10 0
fka twigs figure 8 1
 morteza hannaneh  a3  0
midnight davis severance 1
dead light falling in 1
maga bo e da nossa cor ft mestre camaleao 0
maud geffray  in your eyes ( flavien berger) 1
m.i.a. the message 1
el mahdy jr. phantomatik 1
noga erez quiet one 1
paulina przybysz papadamy 1
the chemical brothers where do i begin 1
emptyset sight 1
james holden  the animal spirits each moment like the first 1
james holden  renata 1
hama ataraghine 1
le mystere des voix bulgares kaval sviri 0
sos gunver ryberg, ai¨sha devi, rrose, paula temple  gegen  0
massive attack everything about you is new 1
the black keys lonely boy 1
pj harvey,bjork  satisfaction 0
m.i.a. the message 1
paulina przybysz saliva 1
erykah badu i want you 1
clap! clap! burbuka 1
kendrick lamar for free 1
noga erez toy 1
hiatus kaiyote  laputa 1
elliphant revolusion 1
beyonce,frank ocean superpower 1
schwefelgelb aus dem hals der flasche 1
night marks cat 1
d'angelo africa 1
buku front to back  1
moses sumney lonely world 1
hülya süer  şeker oglan (kozmonot ) 0
jonwayne, zeroh ted talk 0
keto blackened pool 1
elliott missy, missy elliott,jay z  wake up 1
genesis lovesick  0
paulina przybysz papadamy 1
clap! clap! a dream wasn’t it  dj khalab 1
young fathers old rock n roll 1
telemachus  locust 1
grouper  i'm clean now 1
quantic  nidia gongora  muévelo negro  1
mark pritchard sad alron 1
u.v.  cuts 1
cut hands eat them like bread 0
fatou seidi ghali and alamnou akrouni fatou seidi ghali and alamnou akrouni  eliss wan anas douban 0
demdike stare past majesty 1
ryan vail shadows 1
m.i.a. the message 1
fever ray to the moon and back 1
noga erez dance while you shoot 1
petit singe hue and cry 0
aisha devi jesus  the math 1
azekel new romance (om unit ) 0
invisible church  marie davidson never release the tension 1
amy  the angels  i hate being in love 0
fadimoutou wallet inamoud wana le nouveau 1
killawatt meiotic drive 1
 cheaters  sundial 1
immaculate rivombo  mbira girls 1
max richter infra1 0
trentemoller moan 1
the beatles dear prudence 1
coucou chloe flip u (prod. by sega bodega) 0
body sculptures the base of all beauty is the body 1
telemachus  mirleft 1
beastie boys  stand together 1
gesaffelstein destinations 1
the stooges tv eye 1
rihanna we found love 1
sonic youth nevermind (what was it anyway) 1
m.i.a. the message 1
sonic youth protect me you 1
myss keta burqa di gucci 0
dead can dance american dreaming 1
slayer threshold 1
pj harvey (harvey polly jean) driving 0
kokoko! tongosa 1
powell acid 1
ty segall meaning 0
yellow claw, diplo, lny tnz  techno  waka flocka flame 1
the chemical brothers eml ritual 1
m.i.a. the message 1
coma lajki 1
mitchell lisa the boys 1
two fingers sweden 1
ripsy may dare 1
raffertie last train home 1
slowdive no longer making time 1
amnesia scanner  as chingy 1
noga erez pity 1
dadras hollywood 1
pj harvey the glorious land 1
coma taksówki 0
crystal castles empathy 1
nicolai carsten, bender olaf, diamond version get yours 0
julietta  beach break 1
nosaj thing all points back to u 1
austra i love you more than you love yourself 1
emptyset dissolve 1
the dead weather i feel love (every million miles) 1
nine inch nails me, i'm not 1
sinead o`connor jackie 0
gonjasufi she gone 1
poliça lay your cards out 1
kanye west i am a god 1
dinamarca  rihanna  numb (dinamarca ) 0
bbc ngunyuta dance 1
cross record high rise 1
die antwoord rich bitch 1
gazelle twin belly of the beast 1
king krule easy easy 1
aisha devi 1% 1
gil scott heron me and the devil 1
karol conka  boa noite 1
stromae cheese alors on danse 1
shygirl nvr 1
 heartbreaker 1
girli asboys 1
empire of the sun we are the people 1
peszek maria sorry polsko ( zamilska) 1
pj harvey white chalk 1
paula temple colonized 1
