bjork army of me
pj harvey down by the water
amon tobin esthers
massive attack inertia creeps
scratch massive  koudlam waiting for a sign
lamb one
tricky joseph
m.i.a. the message
emptyset dissolve
amon tobin esther's
noga erez toy
noga erez dance while you shoot
m.i.a ali r u ok
silent strike its not safe to turn off your computer ( em)
arca desafio
silent strike  em it's not safe to turn off your computer ( em)
emptyset speak
gazelle twin this is my hand
zola jesus exhumed
the kills siberian nights
trentemoller my conviction
débruit  alsarah jibal alnuba
men in burka click click click
men in burka more khala
débruit  alsarah jibal alnuba
debruit  istanbul çevreler
aisha devi 1%
portishead chase the tear
james holden renata
ayia ruins
ayia water plant
m.i.a. the message
the knife stay out here (paula temple percussion )
ninos du brasil algo ou alguem entre as arvores
clap! clap! rainy souls gloomy futures
clap! clap! burbuka
noga erez quiet one
jessy lanza  it means i love you
miss red fever
two fingers sweden
 , the echo game  shigeru umebayashi (house of flying daggers soundtrack)
mark lanegan, unkle looking for the rain
 , the echo game  shigeru umebayashi (house of flying daggers soundtrack)
mark lanegan, unkle looking for the rain
unkle hold my hand
shabazz palaces dawn in luxor 
young fathers queen is dead
carter tutti void v3
kangding ray mirrors
muslimgauze turkish sword swallower
muslimgauze ulug bek sextant
acid arab  cem yildiz stil
chassol music is god my love
nathan fake  fentiger (clark )
m.i.a. the message
m.i.a. born free
gazelle twin belly of the beast (zamilska )
kyoka hadue
kyoka rot neu
gesaffelstein destinations
raffertie last train home
douglas dare new york
acid arab medahat
acid arab berberian wedding
the do slippery slope
johann johannsson surveillance
nine inch nails this isn't the place
nine inch nails me, i'm not
cat power silent machine
deap vally royal jelly
savages the answer
samaris brennur stjarna
mr. silla breathe
lapalux u never know
 , son lux lost it to trying
moderat ilona ilona
m.i.a. the message
nosowska nomada
michael kiwanuka cold little heart
girli asboys
danny brown float on
warpaint disco//very
jones norah, outkast take off your cool
paula temple colonized
sparklehorse eyepennies
pj harvey dress
bjork pluto
kanye west i am a god
rihanna desperado
radiohead decks dark
meira asher sida (aids)
the chemical brothers eml ritual
pj harvey dress
m.i.a. the message
anneka life force
jlin calcination
tartit tabey tarate tabey tarate
ital tek cobra
gesaffelstein obsession
kelly lee owens lucid
kelly lee owens evolution
aphex twin come to daddy (mummy )
aphex twin pancake lizard
nine inch nails the lovers
euanwhosarmy  lyndsey lupe for nothing
3d  young fathers he says, he needs me 
not waving  tomorrow we will kill you
fever ray when i grow up
l i m c o m e t
kangding ray serendipity march
jon hopkins collider
chassol music is god my love
clark everlane
m.i.a. the message
tzusing  
sega bodega,shygirl cc
the bug  miss red mi lost
boys noize, pilo  cerebral
alsarah  the nubatones fugu (chancha via circuito )
alsarah  the nubatones wad alnuba (captain planet )
kokoko! l.o.v.e.
emmanuel jal kuar (henrik schwarz )
gustavo santaolalla tribal
perera elsewhere ebora (paula temple )
emptyset descent
forest swords the highest flood
fka twigs glass  patron
these hidden hands variant ( lucrecia dalt)
these hidden hands these moments dismantled ( lucrecia dalt)
peder mannerfelt lines describing a circle
andy stott leaving
lorn sv_cheats 0
moderat nr. 22
coucou chloé halo
coucou chloé skin like sin
m.o.o.n.  paris
brodinski bury me
the knife we share our mother's health
gaika in between
dead can dance saldek
antimatter black sun
the soft moon want
born in flamez the coming insurrection (paula temple )
m.i.a. the message
ebony bones i see i say
other lives tamer animals (atoms for peace )
arca thievery
death grips guillotine
vessel anima
four tet evening side
portishead machine gun
sevdaliza scarlette
andy stott execution
plaster quasar
m.i.a. the message
madame gandhi the future is female 
ninos du brasil sombra da lua
maga bo  homeboys ( max normal)
filastine judas goat 
filastine informal sector parade 
chassol générique 
chassol drumachine
madan bala sindhu mehndi
glasser apply
kuedo glow (clark )
the haxan cloak consumed
son lux part of this
lulu rouge welcome to my dream ( tuco)
the acid creeper
not waving  head body
gustavo santaolalla the blinding sun 
ryan vail never
gazelle twin anti body
vessel euoi
nils frahm peter (clark ) 
m.i.a. the message
the chemical brothers hey boy hey girl
boys noize overthrow (boys noize 303 overdub)
arure the way of the warrior
gypsy caravan  algerian drum song
solace  bounce
solace  blood oil gold
rikslyd oriented
society of silence  baghdad
acid arab  fred avril  shadi khries   samira
fatima ridin' round (sky high)
clark ship is flooding
daughter burn it down
gazelle twin unflesh (carter tutti )
nisennenmondai #6
 landside  chains
nina kraviz ghetto kraviz
fink pilgrim
kelpe doubles of everything
m.i.a. the message
nirvana school
beastie boys sabotage
rage against the machine calm like a bomb
korn twist
korn porno creep
system of a down shimmy
juno reactor teahouse
linkin park session
deftones my own summer
marilyn manson king kill 33
dead can dance nierika
natacha atlas moustahil
pj harvey when under ether
pj harvey kamikaze
lorn ghosst
night marks experience
alix perez chiron
shlohmo sippy cup
nosaj thing all points back to u
burial forgive
caribou melody day
unkle back and forth
ash koosha  guud
loops haunt rubber sun grenade
loops haunt  galleon
m.i.a. the message
k.flay                         blood in the cut
rezz  edge
doldrums hotfoot
karol conka boa noite
tshegue muanapoto
coldcut  on-u sound vitals  roots manuva
coldcut  on-u sound kajra mohabbat wala  hamsika iyer
uma mohan shiva tandava stotram
raquy and the cavemen  very short belly dance drum solo
fatima ridin' round (sky high)
ben frost ionia
askerbi unaroko   khagaudzh's zafaq
cassius select herd
funkstörung laid out  anothr
lapalux running to evaporate
yemen blues wamid
soap  skin mawal jamar
vok breaking bones
banks lovesick 
johann johannsson heptapod b
colin stetson in the clinches
mhysa  strobe
ofo the black company allah wäkbarr
buku front to back 
amnesia scanner  as chingy
clipping. body  blood
alessandro cortini la sveglia
m.i.a. the message
ghetto kumbé   eso no me falla
ian william craig  before meaning comes 
don leisure proper weirdo
ben frost tainted love
cid rim  petite noir  swnerve
resina not here
suuns and jerusalem in my heart self
beyonce partition 
stian westerhus how long
m.i.a. the message
charles bradley where do we go from here
verge suspension
depeche mode personal jesus (boys noize )
birthrights rebirth
nosaj thing us (jon hopkins )
gotsome zulu
kate fagan i don't wanna be too cool
shannon lay dog fiddle
soko we might be dead by tomorrow
curtis mayfield here but im gone
gil scott-heron the revolution will not be televised
the kills desperado 
goat girl country sleaze
emptyset axis
dj shadow midnight in a perfect world
j dilla workinonit
don leisure proper weirdo
monoloc when i get older
danny brown side b dope song
boddhi satva ngnari konon  oumou sangaré
shannon lay orange tree
laurence guy claudi
james holden  the animal spirits each moment like the first
shabazz palaces  motion sickness 
shye ben tzur  jonny greenwood  the rajasthan express roked
ous mal kaupunkeja
peder mannerfelt lines describing a circle
jain  makeba
silent strike  em it's not safe to turn off your computer ( em)
moses sumney lonely world
the haxan cloak dieu
vilde fully fledged
m.i.a. the message
kangding ray mirrors
the haxan cloak consumed
these hidden hands these moments dismantled ( lucrecia dalt)
 poorgrrrl - the bluezzz rn
kim gordon, peaches close up
ninos du brasil aromobates ndb
algiers blood
king krule neptune estate
petit singe akash ganga (aisha devi necromedia )
suuns and jerusalem in my heart metal
cat power silent machine
nathan fake  fentiger (clark )
sevdaliza mad woman
howie lee bankers
howie lee muztagata
saltland  i only wish this for you
liars mess on a mission
fka twigs figure 8
midnight davis severance
dead light falling in
maud geffray  in your eyes ( flavien berger)
m.i.a. the message
el mahdy jr. phantomatik
noga erez quiet one
paulina przybysz papadamy
the chemical brothers where do i begin
emptyset sight
james holden  the animal spirits each moment like the first
james holden  renata
hama ataraghine
massive attack everything about you is new
the black keys lonely boy
m.i.a. the message
paulina przybysz saliva
erykah badu i want you
clap! clap! burbuka
kendrick lamar for free
noga erez toy
hiatus kaiyote  laputa
elliphant revolusion
beyonce,frank ocean superpower
schwefelgelb aus dem hals der flasche
night marks cat
d'angelo africa
buku front to back 
moses sumney lonely world
keto blackened pool
elliott missy, missy elliott,jay z  wake up
paulina przybysz papadamy
clap! clap! a dream wasn’t it  dj khalab
young fathers old rock n roll
telemachus  locust
grouper  i'm clean now
quantic  nidia gongora  muévelo negro 
mark pritchard sad alron
u.v.  cuts
demdike stare past majesty
ryan vail shadows
m.i.a. the message
fever ray to the moon and back
noga erez dance while you shoot
aisha devi jesus  the math
invisible church  marie davidson never release the tension
fadimoutou wallet inamoud wana le nouveau
killawatt meiotic drive
 cheaters  sundial
immaculate rivombo  mbira girls
trentemoller moan
the beatles dear prudence
body sculptures the base of all beauty is the body
telemachus  mirleft
beastie boys  stand together
gesaffelstein destinations
the stooges tv eye
rihanna we found love
sonic youth nevermind (what was it anyway)
m.i.a. the message
sonic youth protect me you
dead can dance american dreaming
slayer threshold
kokoko! tongosa
powell acid
yellow claw, diplo, lny tnz  techno  waka flocka flame
the chemical brothers eml ritual
m.i.a. the message
coma lajki
mitchell lisa the boys
two fingers sweden
ripsy may dare
raffertie last train home
slowdive no longer making time
amnesia scanner  as chingy
noga erez pity
dadras hollywood
pj harvey the glorious land
crystal castles empathy
julietta  beach break
nosaj thing all points back to u
austra i love you more than you love yourself
emptyset dissolve
the dead weather i feel love (every million miles)
nine inch nails me, i'm not
gonjasufi she gone
poliça lay your cards out
kanye west i am a god
bbc ngunyuta dance
cross record high rise
die antwoord rich bitch
gazelle twin belly of the beast
king krule easy easy
aisha devi 1%
gil scott heron me and the devil
karol conka  boa noite
stromae cheese alors on danse
shygirl nvr
 heartbreaker
girli asboys
empire of the sun we are the people
peszek maria sorry polsko ( zamilska)
pj harvey white chalk
paula temple colonized
