1;bjork army of me;2AS1h6NKoBzCoxlnmddOjI
2;pj harvey down by the water;1JqInwYzD5BNmTUkn8KxS0
3;amon tobin esthers;52TOaRngBYS4xSOGoMnvxx
4;massive attack inertia creeps;3N2UhXZI4Gf64Ku3cCjz2g
5;scratch massive koudlam waiting for a sign;4sbn9wr97pJKTR7hyxTWhf
6;lamb one;4oDcileFliBIBsC8EvD0Oz
7;tricky joseph;4Cq0jw22bxv9YCoe3ri9s7
8;m.i.a. the message;2DZjhMGkhYBMXpfstOd6oB
9;emptyset dissolve;6GVeRNxRm2xU0DfddzNVtE
10;amon tobin esther's;52TOaRngBYS4xSOGoMnvxx
11;noga erez toy;7d5hpyLUW7KyUMk6beSNK6
12;noga erez dance while you shoot;3bcgmpAAzZoWGxLtXTVZqk
13;m.i.a ali r u ok;3F3JtxZfpdkiPSBQIHohRf
14;silent strike its not safe to turn off your computer ( em);72Q9SbemyeHRt8HuLzfCyC
15;arca desafio;7j9DYPyCuvSAtPcevpAkzb
16;silent strike em it's not safe to turn off your computer ( em);72Q9SbemyeHRt8HuLzfCyC
18;emptyset speak;6tpfT8Tb2DwtJo2bvASjWQ
19;gazelle twin this is my hand;21zftg3UC7JFVZSChklkOy
20;zola jesus exhumed;2jtZ0EhKflhlG3jfWexInZ
21;the kills siberian nights;6H4IX21JUQ87XjaQKaGHmy
22;trentemoller my conviction;3tXBPV4jpDp3LuOIFm1p2D
23;débruit alsarah jibal alnuba;4HpdcCm7stwrCMd1mQMmET
24;men in burka click click click;0QcmAQlE3JznrcR8Mmo1GR
25;men in burka more khala;5nznuXWuLP1zhaEHNftKF6
26;débruit alsarah jibal alnuba;4HpdcCm7stwrCMd1mQMmET
27;debruit istanbul çevreler;6Dv1oS1hFmkrWea7VPgION
29;aisha devi 1%;5ZMqBEi87TEkFFN8Ky1axn
30;portishead chase the tear;00CjPU9Nv69kf6YofOIazK
31;james holden renata;1HgyHH1Pbq1qoYUYMVFgCI
33;ayia ruins;4HRdbIySMCurDHnshv5FSS
34;ayia water plant;6vxirpzG9X72QvS8De0pyO
35;m.i.a. the message;2DZjhMGkhYBMXpfstOd6oB
36;the knife stay out here (paula temple percussion );0Psun3CNMzBtVUQUwHieOB
38;ninos du brasil algo ou alguem entre as arvores;6mqHZkzqkM7lt5UxGZ6qGs
39;clap! clap! rainy souls gloomy futures;6bSHAd4Nhg0wRsAXl4cZ8S
40;clap! clap! burbuka;2xIdaOtTccj78XIowu7w0n
41;noga erez quiet one;33gwyvfpgEajXvVl5qgath
43;jessy lanza it means i love you;4DxZIk2Np49ZTnRb5xow2o
45;miss red fever;1FchhX0HWuElpPbv6qUElX
46;two fingers sweden;3bvczZF2zyblesFMDDQUMp
47;, the echo game shigeru umebayashi (house of flying daggers soundtrack);4kPr0mPSnUEBFzD8uNinT7
48;mark lanegan, unkle looking for the rain;0KfZzIFYcgNHOeAitTKJw4
49;, the echo game shigeru umebayashi (house of flying daggers soundtrack);4kPr0mPSnUEBFzD8uNinT7
50;mark lanegan, unkle looking for the rain;0KfZzIFYcgNHOeAitTKJw4
51;unkle hold my hand;7AXeN6dqieGP2N03psVDWj
52;shabazz palaces dawn in luxor;6SidGsmaVHOsKgATwdFQcV
53;young fathers queen is dead;2V9FsHVaOCQepp0RpCcJDK
54;carter tutti void v3;2R1MjMQs6Aw7MHFcgcfmr5
55;kangding ray mirrors;02UhAzAR0324x5jhAOEGK4
57;muslimgauze turkish sword swallower;32rHsrG8tIHRTIkCqz06uc
58;muslimgauze ulug bek sextant;11RJQSHnugUHWjSMNTLA6c
59;acid arab cem yildiz stil;6rLd4f55lXkoz7qbQoEmu8
60;chassol music is god my love;3AO4JN8iEAuxwclIh2qZdN
61;nathan fake fentiger (clark );4zaecs4IWLzzY4BJls3AH5
62;m.i.a. the message;2DZjhMGkhYBMXpfstOd6oB
63;m.i.a. born free;0w9bDd1FaBpYFXlILpWe3P
64;gazelle twin belly of the beast (zamilska );5oCmPOvGk35esWPHUj2kf8
66;kyoka hadue;4SbaSEVicIR4jAhEv1PjU5
67;kyoka rot neu;3gOEjKekbnCpaQA0nFPXCd
69;gesaffelstein destinations;5Ub5SzOZ2kGwoazjnQSfdS
70;raffertie last train home;1tRchh2c1lXvtq1RfyMf1O
71;douglas dare new york;3XlCIA3Qe8MEPHhW56mfmD
72;acid arab medahat;0QyPUHPgly5JEZPGznYVSy
73;acid arab berberian wedding;2ot4cLettCyHHgliZjiCk6
74;the do slippery slope;4lExN8suskl5P2arjkErWo
76;johann johannsson surveillance;6oaWcTf869W77d9AnJNWjR
77;nine inch nails this isn't the place;0iXfUq688LsGeJdIxxMiPx
78;nine inch nails me, i'm not;5l8rKeBUy2fOiJ21UAvbDZ
79;cat power silent machine;1KDI8xmjrDyFl863SWPK7a
80;deap vally royal jelly;4YfJI7ViMo1PFrDDT88zOb
81;savages the answer;78s60WtjgHdcqmeQu835vJ
82;samaris brennur stjarna;5CYUYTl83LelKFL3ahw6Qf
83;mr. silla breathe;2u4YSZUROjQP1NLtC58qHq
84;lapalux u never know;3JK30AgP4g1kXBkfGc7oRi
85;, son lux lost it to trying;7frqaCMi7gVCD7JBuDrmEd
86;moderat ilona ilona;0Tgs8loi0kni694TXHlyfW
87;m.i.a. the message;2DZjhMGkhYBMXpfstOd6oB
88;nosowska nomada;1C05zs4pfRn0B6O61yprTh
89;michael kiwanuka cold little heart;2HL7EWAjEm5Bhpr1iWHA4C
90;girli asboys;2KasfMtde9wCK7YmxwBkwe
91;danny brown float on;7sVWaKkGHotMdumFe6Ecph
92;warpaint disco//very;37Oojxm0tKyUFiyfn52LHU
93;jones norah, outkast take off your cool;2faSzprTWJ7L1EkZNko4ww
94;paula temple colonized;2S5093Bn17cAVhrLlXm77h
95;sparklehorse eyepennies;4o1H9LghvQrCbkRwKea5sZ
96;pj harvey dress;2VuQyUR0ZbSsefYESWN6L1
97;aphex twin windowlicker;60Pe9j2pCBa4Zp4ztf5nhd
98;bjork pluto;5gxmhdtCk86miMoL2b45c1
99;kanye west i am a god;0hhNR8YFUEYNhWNuSoMErM
100;rihanna desperado;60RWYBk24Z6lHxMcWD0oh0
101;radiohead decks dark;5rIhBK9aaVMck0W2YtOwci
102;meira asher sida (aids);2c0emPzIYJi81eqfdyuptp
103;the chemical brothers eml ritual;7xgQ4Yn4pryW9fNqu4G1IR
104;pj harvey dress;2VuQyUR0ZbSsefYESWN6L1
105;m.i.a. the message;2DZjhMGkhYBMXpfstOd6oB
106;anneka life force;1vPykmmygtRBdLkOYIkNpm
109;jlin calcination;5dzTi06Ni8kgru2oRfx35l
111;tartit tabey tarate tabey tarate;38tFDhzWR51wk5Ap95iJHA
113;ital tek cobra;48lCsw6V1L2etXhTPG78nH
114;gesaffelstein obsession;7nyprGzLfhdp0zJfa0peji
115;kelly lee owens lucid;4ltleS56fkj1nR5z6OO2m3
116;kelly lee owens evolution;69FDGAqUDdNQrX4qx9lvIK
117;aphex twin come to daddy (mummy );5QR8oXyhNdtYusXQMRwsvr
118;aphex twin pancake lizard;3Z7wJtqMNc3q7ukYplaCa9
120;nine inch nails the lovers;3FtHoZsuifrFEp77baHOuL
121;euanwhosarmy lyndsey lupe for nothing;2PasdEWMaHTczg97hCllXF
122;3d young fathers he says, he needs me;51sRGPUYD1Vt0ALjDKSQsY
123;not waving tomorrow we will kill you;0NfId7MOo8eXXINuPG44m2
125;fever ray when i grow up;39ZY25HkFmPcW32Yr7Mn5U
126;l i m c o m e t;5125F2dbSSfsC8Ir2um9hk
127;kangding ray serendipity march;1SiaVl83dwgnegfI7QPlRa
128;jon hopkins collider;2WjkOw9JVbvAdKKUaGs3OK
129;chassol music is god my love;3AO4JN8iEAuxwclIh2qZdN
130;clark everlane;2klgVgBoXJsxYtcbPmun2q
131;m.i.a. the message;2DZjhMGkhYBMXpfstOd6oB
132;tzusing;2h0mDTuVEdan5SrOUkoQGH
133;sega bodega,shygirl cc;3IpJ9qeWiY4XPiVav4FL0F
135;the bug miss red mi lost;32M9cGvW43SLfLaFBXJTzH
136;boys noize, pilo cerebral;46hs4ABJrgSMGdC9H7p4hh
137;alsarah the nubatones fugu (chancha via circuito );2t7PytY0vWHXVthqoIESWH
138;alsarah the nubatones wad alnuba (captain planet );5Cz3SjGNqDyNJl3dKSu4Ic
139;kokoko! l.o.v.e.;29FJG7SSK5AvGlENIOLCVZ
140;emmanuel jal kuar (henrik schwarz );5miSR58RxO331w6niqtlTC
141;gustavo santaolalla tribal;7Lhjn7Qc3bDbcTxnRKvDwz
142;perera elsewhere ebora (paula temple );1aG5DqqiKDlocpZo1R908k
143;tzusing digital properties;2pwYUPcKgJ1ElVJuKdN0qu
144;emptyset descent;6umT8kbYHH4IoRQ9SGycWl
145;forest swords the highest flood;14iHJlb2lviBl9vAUeIlxA
146;fka twigs glass patron;65fjGurFHOjy34CffnGzlA
147;these hidden hands variant ( lucrecia dalt);5W3CDzb2Q6qmqMAXDOX2nr
148;these hidden hands these moments dismantled ( lucrecia dalt);5cG3RANhcFDeYih4wLVOtb
149;peder mannerfelt lines describing a circle;6vgfM9xBkoBGQPzRHn7EqD
150;andy stott leaving;38ks1tZfqPKjkmIM7ydg9o
151;lorn sv_cheats 0;076YR7emgXxyyeGAXrm71U
154;moderat nr. 22;5sSz7qadnGbim9v6BsboZ1
155;coucou chloé halo;1JxrW1E9PYA3YhN7IxO5qn
156;coucou chloé skin like sin;2sld21fjDZbjrUOq39PpaN
157;m.o.o.n. paris;4PbZ1dClx4HnT67mPcbyXz
158;brodinski bury me;7HT95SwyXLs39J7NmENe9c
159;the knife we share our mother's health;775TTEYVrRpNt2Ueashe6D
160;gaika in between;36N5HakxhMfpVvdS4p3JU2
161;dead can dance saldek;3HfD1ftB2qP30M4pVCMwmN
162;antimatter black sun;0dmjDcJJjBQ7OBaJgERnwo
163;tzusing esther;3O8nB4rbsw0YgXWIN39XVU
164;the soft moon want;0Zr2lWteF7xkCdKiCs2NyK
165;born in flamez the coming insurrection (paula temple );2LaCtPNio6nCOAUVQ83P8H
166;m.i.a. the message;2DZjhMGkhYBMXpfstOd6oB
167;ebony bones i see i say;3npqVQcu5T5fglyaVubnCC
169;other lives tamer animals (atoms for peace );7EMkC9CPyA2XuSHPrViusu
170;arca thievery;1zAmcM2z58kvlMkca8E7RJ
171;death grips guillotine;3IrcvqIf3ZiBhf3xdsctRX
173;vessel anima;1d3HVkFt7uMrIRnpkvY1xB
174;four tet evening side;0nBucamQ9LLOk6p8bhNQO5
175;portishead machine gun;4CQPDA0aTZ1XtPhQFeRSeP
176;sevdaliza scarlette;50rHe9fvwLNFeCQ0TMJ1sp
177;andy stott execution;7tDdgZq4Bht0fxzMEixAOT
178;plaster quasar;4ZOrTx9T8iA3uhlNIZJlM8
179;m.i.a. the message;2DZjhMGkhYBMXpfstOd6oB
180;madame gandhi the future is female;4QRqYAX5SP1DmXESnxanmr
181;ninos du brasil sombra da lua;3sA1157C6QmWEpCOlKMSPc
184;maga bo homeboys ( max normal);0WchyVTaDVKqV40mRmeDYV
185;filastine judas goat;2DzIsTGmHur9I3yL0NOVcp
186;filastine informal sector parade;7JtQ1AHR6tN8ARW4vOMFyg
187;chassol générique;0u9aUZyUPDbTJlhsOEHxgu
188;chassol drumachine;2CVwmIy3YFuSFtq5WvBf9N
189;madan bala sindhu mehndi;3ItP6NyYEYk3A6NTWCrekK
191;glasser apply;11qwSJRR2XGOXi9ehSmZ4T
192;kuedo glow (clark );2sZDra8Hb6PsO2tgMMExna
193;the haxan cloak consumed;1GbZQAhsd7rI90fFmWuJII
194;son lux part of this;4BLwxKA1BHQQLsZ1Vg1iPI
195;lulu rouge welcome to my dream ( tuco);74TV3pSSmq4VnSz6Oexisw
196;the acid creeper;5bgAHjvbNuUg5djUGjUiTW
197;not waving head body;3zWdl3iuzekaYoPkB5LxFp
198;gustavo santaolalla the blinding sun;4pBwk3hh4skAi9AX2CYHUP
199;ryan vail never;16SKQ164MwruQEwvkkVJlS
202;gazelle twin anti body;3ija0LUklKaz0dK8Y97zxt
203;vessel euoi;1NcHUsUEzFwJKCErSz9pC9
204;nils frahm peter (clark );7axzHBd2ZHxaP8tNLRUKrh
205;m.i.a. the message;2DZjhMGkhYBMXpfstOd6oB
206;the chemical brothers hey boy hey girl;7kXmJwrZGIhDaLT9sNo3ut
207;boys noize overthrow (boys noize 303 overdub);4J6PpsImPgRg4lMj5wdgYp
209;arure the way of the warrior;6Ha34r9w8bjOdlJwFlp61W
210;gypsy caravan algerian drum song;2CyodDqSxCGF4bBB95l3M3
211;solace bounce;4pmf6wjvwXusr2n4MOtBl5
212;solace blood oil gold;26Aqwx2vZoF7o3J96mzpjK
213;rikslyd oriented;493udUCSw8acLmfP9RSZc4
214;society of silence baghdad;152JWehERbGPQOv3jpgwx2
215;acid arab fred avril shadi khries samira;5ZPHfGGtVEE8r7ZvkPBgi9
216;fatima ridin' round (sky high);4g6UgMIoThGupLkhzEobMB
217;clark ship is flooding;6kjKN1HkkE8Yahz5fIxPme
218;daughter burn it down;1LhRK22w6bWMKTOJChcKqB
221;gazelle twin unflesh (carter tutti );0hMQMFWw8L3B8Di1Cgzj7J
222;nisennenmondai #6;6dULjWppDAf4a3Sfo0YwaS
223;landside chains;4ZOKrGTTe7rWxIbRzxrnNn
224;nina kraviz ghetto kraviz;6pGs4VS6BV0WnooovrrxRj
225;fink pilgrim;1n2dKgwfJkb4TB6HTdpCGU
226;kelpe doubles of everything;1ZATwtylT3PC8bHRjqDIBz
228;m.i.a. the message;2DZjhMGkhYBMXpfstOd6oB
229;nirvana school;5zYP7plzCFop1pTDVi450C
230;beastie boys sabotage;0Puj4YlTm6xNzDDADXHMI9
231;rage against the machine calm like a bomb;1hR0fIFK2qRG3f3RF70pb7
232;korn twist;07xFWwKPOApMS56ildsV0G
233;korn porno creep;43nRVbzhqOB3vlyLXLwLcO
234;system of a down shimmy;3n4r8cWLwYn5YZEJmh3P90
235;juno reactor teahouse;7eHcn5NjSm5BlrM7HQKfAN
236;linkin park session;00VKR5XH5jid1AgUdFz4bs
237;deftones my own summer;1158ckiB5S4cpsdYHDB9IF
239;marilyn manson king kill 33;3yBmCtsaKGEdkjmpylrctd
240;dead can dance nierika;6RbuwMOxd9bgqozQCoQBqZ
241;natacha atlas moustahil;6fi0t8JA7LtOXjNCPAfZG0
242;pj harvey when under ether;0Cfh9xGTkMw4o4bJ6oL3ne
243;pj harvey kamikaze;3tgPdDKU3jOorwwT3hxE6y
245;lorn ghosst;0qy5tcy1yKGNuyMxCDIXD8
246;night marks experience;6FxfjfJncosr9FjlE8OOcA
247;alix perez chiron;5RXAjgHxIYSQiI1xNoql3n
248;shlohmo sippy cup;5MMcD58y10ntTql7WMDOTT
249;nosaj thing all points back to u;3joGqdbtiWS0wZ9u8H34YM
251;burial forgive;3liSRhhPH2ah13oOKrjtTv
252;caribou melody day;2iRPQBM3yMGEmy2prkfe67
253;unkle back and forth;4xUXg02oo6oS0ajxdxs21T
255;ash koosha guud;265w885qoNiDBmLQDzzdr5
256;loops haunt rubber sun grenade;16oIZxV0Tf7TSyA0sfUoBh
257;loops haunt galleon;1DOOXp3DaRH40qZGkAvmET
258;m.i.a. the message;2DZjhMGkhYBMXpfstOd6oB
259;k.flay blood in the cut;0tnoA8wsu3UcZFnhaB5H55
260;rezz edge;4pCvnGkf7jveRMKHZosxxB
261;doldrums hotfoot;6UZRHrR0bPcUmHOHhAf7ia
262;karol conka boa noite;4VT6fxUYk5cXmO3VSbFQ4k
263;tshegue muanapoto;5l1jPlHaYjhvim4FIniMvt
264;coldcut on-u sound vitals roots manuva;3mylGXZqq06GI6jtEoQ5wz
265;coldcut on-u sound kajra mohabbat wala hamsika iyer;7ndPZlRisPwGADMOo670AE
269;uma mohan shiva tandava stotram;2khY4h0GVdIUb5nXcT7XMJ
272;raquy and the cavemen very short belly dance drum solo;3OIEcFKbUX38Ewl9yfYINB
274;fatima ridin' round (sky high);4g6UgMIoThGupLkhzEobMB
276;ben frost ionia;0NkA3UrT3ZtjcwxsIGSak6
277;askerbi unaroko khagaudzh's zafaq;5yU4k6DjNIR07tWZTVIa5P
280;cassius select herd;2YWo1Fc2OvKeada7jwPC9Z
281;funkstörung laid out anothr;5wHTjbR3FHf90N1u7CXlWk
282;lapalux running to evaporate;6dMzL3ozC0V2uCZl6L4ktI
283;yemen blues wamid;65ZiO0xD3caRX7CueqzEb0
284;soap skin mawal jamar;2ZaRc6DMuIO7LQc8rqFJoC
287;vok breaking bones;3YZyaR5G5dCOTRsHFjI1nJ
288;banks lovesick;5Q4DOojEcvYnwrFIHR22y6
289;johann johannsson heptapod b;0nRdnxsdmiN5XESagITLS0
293;colin stetson in the clinches;1vLf3NLk587TKru8KuEdYm
294;mhysa strobe;2DhLXkojId7Gx7BSPoSFVO
295;ofo the black company allah wäkbarr;0OZuyF5vpDnlugDqwUivf9
296;buku front to back;2UanltvlExkzzFsUJQdMkJ
297;amnesia scanner as chingy;5oMCV9ck4CLZ44Ta9NY9h1
298;clipping. body blood;36XPtQDahOZN8twrZ7P9R4
299;alessandro cortini la sveglia;4ZKXNfLnhAwFAKt6RD7lGU
300;m.i.a. the message;2DZjhMGkhYBMXpfstOd6oB
301;ghetto kumbé eso no me falla;2SS1qcBozMpCXVR0qJgwxy
302;ian william craig before meaning comes;53qflgk3fxd1yYv2cLWnfx
303;don leisure proper weirdo;2Y7UC0HdzBkFeml8dxI3jO
304;ben frost tainted love;6skF3NYhqVPzR1M7vAiRoh
305;cid rim petite noir swnerve;17CHr1H9Y46gHN4qB3X4hk
306;resina not here;6qA75D3ab5SmL1j5cGlimv
307;suuns and jerusalem in my heart self;2WHbNCA4wrucW2Ofk0P5RM
310;beyonce partition;5hgnY0mVcVetszbb85qeDg
311;stian westerhus how long;4MS3wnOx6PSUVUUnmtiHb9
312;m.i.a. the message;2DZjhMGkhYBMXpfstOd6oB
313;charles bradley where do we go from here;6IPxx6Bzylw4P1b2fT4CkG
316;verge suspension;2AAOmcrJiV6O2IuLE8n27C
317;depeche mode personal jesus (boys noize );6Mygek2wm37UnQHelvXiZz
318;birthrights rebirth;6CghwDKy0yYuSmrJWjG6tn
319;nosaj thing us (jon hopkins );6RwAHYMV8RLWwrelomy1p9
320;gotsome zulu;2MMMT9az1P69F7NtDwKVrR
321;kate fagan i don't wanna be too cool;2eDDbkQHBPiIvPY0LkuWv9
322;shannon lay dog fiddle;59OLGHfpWTBsvSDbwBJIC6
323;soko we might be dead by tomorrow;3wriDAN59yRNx8FqynZnnb
324;curtis mayfield here but im gone;0zBNc7XcWXNHxeszwFsKiL
325;gil scott-heron the revolution will not be televised;2BEuUkh9r8NCYiVvSKZIol
326;the kills desperado;7o1zEHkemiWjaioHJ0MXy0
327;goat girl country sleaze;3w8aTVMxMHiOEaAjRnQrQp
328;emptyset axis;2UkY8boR0I3HYESfDFYjwe
329;dj shadow midnight in a perfect world;2Lx9qpN7NgiWD4rgSQRBGH
330;j dilla workinonit;5pgbnjKcz6qSWcyMYyHIxB
331;don leisure proper weirdo;2Y7UC0HdzBkFeml8dxI3jO
332;monoloc when i get older;04uJZLphs2PbyZKEA7dLYm
333;danny brown side b dope song;26dfLcCVJUdscPvmUmkuSI
334;boddhi satva ngnari konon oumou sangaré;5qyG14JTL9q9UA2vf4t6pE
335;shannon lay orange tree;1hMOOyvYK6L76EQlgGtoEt
336;hector plimmer eastern system;68aX3zjFcT1gUzL0W3Hg3N
338;laurence guy claudi;0UP6iahCqN841jwU87Ag3Z
339;james holden the animal spirits each moment like the first;6wCzw5IqESBnDNCA3dNjky
340;shabazz palaces motion sickness;1ZB4DrJ1sHsBll5Y9a6jQ0
341;shye ben tzur jonny greenwood the rajasthan express roked;6TxOL3KVYIbXcC8RxsZt4x
342;ous mal kaupunkeja;7yHoFthIZdhYvvpFldXz2Q
343;peder mannerfelt lines describing a circle;6vgfM9xBkoBGQPzRHn7EqD
345;jain makeba;5FkBFIGzG8lYFktLyZNUq6
346;silent strike em it's not safe to turn off your computer ( em);72Q9SbemyeHRt8HuLzfCyC
347;moses sumney lonely world;6B37flHSlwkx7Hzm2WZ8VA
348;the haxan cloak dieu;1hV5fb0c9enIYc6Sue8NN3
349;vilde fully fledged;3KjqfAVMfUF1fzUYCa2s5q
350;m.i.a. the message;2DZjhMGkhYBMXpfstOd6oB
352;kangding ray mirrors;02UhAzAR0324x5jhAOEGK4
355;the haxan cloak consumed;1GbZQAhsd7rI90fFmWuJII
356;these hidden hands these moments dismantled ( lucrecia dalt);5cG3RANhcFDeYih4wLVOtb
357;poorgrrrl - the bluezzz rn;2wGtGrIzrXoaDXIe49UYvZ
358;kim gordon, peaches close up;5HLbmOJRp2Vmqw1oBXlUjp
359;ninos du brasil aromobates ndb;4Mi5VjFa1lhUOOypprhD28
360;algiers blood;7ldMja9Us2gUrXmIxRWfpl
361;king krule neptune estate;0V1QOLJFWimtf6eJvSYEHO
362;petit singe akash ganga (aisha devi necromedia );6sGLuoI2OM1fMJ5lc6idzo
364;suuns and jerusalem in my heart metal;2Dt11yQHV8csoHG2RVqhoC
365;cat power silent machine;1KDI8xmjrDyFl863SWPK7a
366;max richter infra 1;0oPLqfTar1dEiydXz1mnhq
367;nathan fake fentiger (clark );4zaecs4IWLzzY4BJls3AH5
368;sevdaliza mad woman;5v4w4EKpREGnW874gN9GHV
369;howie lee bankers;3JHZ3nWMznA8NGIhmGRbgW
370;howie lee muztagata;6l1xVGC7u330EEKvwzioiZ
371;saltland i only wish this for you;6mdM0LlJiF50vKtg5l63bQ
372;liars mess on a mission;4naqwi5kjpX4b8snho7sw9
373;marilyn manson say10;6pHCPpfXoRclyToC4aWuY7
374;fka twigs figure 8;5Y9IIH8Xmo1nuk0gfFjc4Q
376;midnight davis severance;25hCd34NVj7AHRMZaUshKy
377;dead light falling in;1z4eVnQmSqqjxoHmxqKGg5
379;maud geffray in your eyes ( flavien berger);2dMkf2JliuZjRyIyuxjeHG
380;m.i.a. the message;2DZjhMGkhYBMXpfstOd6oB
381;el mahdy jr. phantomatik;4DgIE6n2qY62YOt68an2NG
382;noga erez quiet one;33gwyvfpgEajXvVl5qgath
383;paulina przybysz papadamy;4OgPCzDmnb0x4prVB9m8NZ
384;the chemical brothers where do i begin;6sQEHHIxPTRQCzTtzSQasr
385;emptyset sight;6A27lVF179JS9G9V5hnEUw
386;james holden the animal spirits each moment like the first;6wCzw5IqESBnDNCA3dNjky
387;james holden renata;1HgyHH1Pbq1qoYUYMVFgCI
388;hama ataraghine;3P1fYH4XLkLylPNFKsavSa
391;massive attack everything about you is new;55ydEfdcQpRKCsQCuECL2b
392;the black keys lonely boy;3dOAXUx7I1qnzWzxdnsyB8
394;m.i.a. the message;2DZjhMGkhYBMXpfstOd6oB
395;paulina przybysz saliva;67AFynd7cqRKvvvHQJARwX
396;erykah badu i want you;5ueSNvXdxAqPj3YCcK3Piw
397;clap! clap! burbuka;2xIdaOtTccj78XIowu7w0n
398;kendrick lamar for free;2umxjPqGGkrBdxKx0835gC
399;noga erez toy;7d5hpyLUW7KyUMk6beSNK6
400;hiatus kaiyote laputa;5UFtKaL5KBumqv4tpgdm0p
401;elliphant revolusion;7ppPVLsLNfHDneQnzZmUFJ
402;beyonce,frank ocean superpower;49sXkAcR5LvOrtq5Qcn5cf
403;schwefelgelb aus dem hals der flasche;2RZTiroHLMsIPK4NbihWip
404;night marks cat;4mvOssufpcXW036qWm02Yz
405;d'angelo africa;6mgiXB2aQVoC1LHUE55deV
406;buku front to back;2UanltvlExkzzFsUJQdMkJ
407;moses sumney lonely world;6B37flHSlwkx7Hzm2WZ8VA
410;keto blackened pool;1QGn4ouAI7I4X0G2qr3281
411;elliott missy, missy elliott,jay z wake up;1VbZDvSzuAgKeT6HdvgwSi
413;paulina przybysz papadamy;4OgPCzDmnb0x4prVB9m8NZ
414;clap! clap! a dream wasn't it dj khalab;08gi9qByFHP0d9iU7jmtcK
415;young fathers old rock n roll;4PHzxzo7AEqdbM64qu2tYD
416;telemachus locust;2pygKqr32L6uXZRhhCowAr
417;grouper i'm clean now;4qm8sWdYoXkdhMN8EL9mAL
418;quantic nidia gongora muévelo negro;0sMKi5VG1jlc0GJi3Wuyhf
419;mark pritchard sad alron;0F32l80VaZQdQLrEDz5W0e
420;u.v. cuts;1DVVVDXh5wI3Og9eOOlRDT
423;demdike stare past majesty;2ZVxeLQsDeW1nh2asAq9zs
424;ryan vail shadows;301Av0eDXXsyA7Z51xZIAA
425;m.i.a. the message;2DZjhMGkhYBMXpfstOd6oB
426;fever ray to the moon and back;6YBI6s8sHRPdz8vQwRFkeu
427;noga erez dance while you shoot;3bcgmpAAzZoWGxLtXTVZqk
429;aisha devi jesus the math;4CJfHoDrlseAkMORwBf3A6
431;invisible church marie davidson never release the tension;0rqkc0KEh01QYVDsd4ANx2
433;fadimoutou wallet inamoud wana le nouveau;5CWBp3rRtlocwawBFCT8Zr
434;killawatt meiotic drive;6yzzc9U71b9xXvNdoyD6na
435;cheaters sundial;55T7YLHIrPaSsbR2Q5QQnE
436;immaculate rivombo mbira girls;7mqimbLf5SdZR7vUe1z5WX
438;trentemoller moan;1Gsgn6QFYJgkBxEVC1jJnN
439;the beatles dear prudence;1yHA33jt0HwbcH3GdOcuiQ
441;body sculptures the base of all beauty is the body;3ACx5MWYHjMFoDhE7LZqwn
442;telemachus mirleft;41rE9GQSISp2eilx1uelvk
443;beastie boys stand together;2SqBWFAcEOcJG4xWgZh1q1
444;gesaffelstein destinations;5Ub5SzOZ2kGwoazjnQSfdS
445;the stooges tv eye;5z79Fpw4FEEkSzt8Lbwr46
446;rihanna we found love;14fmbvjYLqRZEXz1VZdM2M
447;sonic youth nevermind (what was it anyway);3bwt0fYPzai7v2vz3TTo2p
448;m.i.a. the message;2DZjhMGkhYBMXpfstOd6oB
449;sonic youth protect me you;5AogkvfwZNHeMefmnB8xd1
451;dead can dance american dreaming;2T75YxylAiEEcDtXtH9l36
452;slayer threshold;4WalNqIIGtCpIf9MgajIQu
454;kokoko! tongosa;3MRmoAo4TYkZukgoXfbSm1
455;powell acid;6pIJ4JIbHoZB1uEBNiNyqA
457;yellow claw, diplo, lny tnz techno waka flocka flame;0EIPUnOYJQujsqoezHkFtN
458;the chemical brothers eml ritual;7xgQ4Yn4pryW9fNqu4G1IR
459;m.i.a. the message;2DZjhMGkhYBMXpfstOd6oB
460;coma lajki;2okGWZNrsY93datSmY3tnn
461;mitchell lisa the boys;7JbmoWxtKTpuNew0Cn2otz
462;two fingers sweden;3bvczZF2zyblesFMDDQUMp
463;ripsy may dare;6CHhnN1zb1UF4LvFVektoW
464;raffertie last train home;1tRchh2c1lXvtq1RfyMf1O
465;slowdive no longer making time;4kAflSfOBf6Wv5ZD5abUvZ
466;amnesia scanner as chingy;5oMCV9ck4CLZ44Ta9NY9h1
467;noga erez pity;2U81Mq4W9Y3TaKeBPrOyZx
468;dadras hollywood;3s3bB3gx7AoskUrGthM6m6
469;pj harvey the glorious land;6FgI1H812qqHXwcUKW73Pk
471;crystal castles empathy;5rxlIz8JZYGSySU2FRJztR
473;julietta beach break;1oWvtXGEO3lBHzwGSZfO54
474;nosaj thing all points back to u;3joGqdbtiWS0wZ9u8H34YM
475;austra i love you more than you love yourself;61qD2suoJ2zp1NQHCiQdxn
476;emptyset dissolve;6GVeRNxRm2xU0DfddzNVtE
477;the dead weather i feel love (every million miles);7nifNyg6rF6abgtg8MG0D6
478;nine inch nails me, i'm not;5l8rKeBUy2fOiJ21UAvbDZ
480;gonjasufi she gone;0HK0a5pSMsNenQMxkcVAjU
481;poliça lay your cards out;4Xztqz3yU9Pn1ctG8WKI14
482;kanye west i am a god;0hhNR8YFUEYNhWNuSoMErM
484;bbc ngunyuta dance;4rKbk0wpPDsnMmoB6SAwj4
485;cross record high rise;5zIsk22GD2G7Ym7YXBw84S
486;die antwoord rich bitch;7Ma1k2O1MQzMqJYBaEXDpx
487;gazelle twin belly of the beast;3ZZphmcRKZ4KjsTODQaEAt
488;king krule easy easy;08ZsI74y3P6mQw8En1c6tQ
489;aisha devi 1%;5ZMqBEi87TEkFFN8Ky1axn
490;gil scott heron me and the devil;76lCwB3Bu4tNcyXRLGvVba
491;karol conka boa noite;4VT6fxUYk5cXmO3VSbFQ4k
492;stromae cheese alors on danse;6LXRvh3S8TB5P1PKy4lY1S
493;shygirl nvr;6oG52BwPR8BkKhqShUieRA
494;heartbreaker;4iHXfhmQTKJOpcxzlEROsP
495;girli asboys;2KasfMtde9wCK7YmxwBkwe
496;empire of the sun we are the people;57RHMnLMQx8Qz5V6c0E8dF
497;peszek maria sorry polsko ( zamilska);09AfgfleLtHBIPvHAimY0P
498;pj harvey white chalk;0Cfh9xGTkMw4o4bJ6oL3ne
499;paula temple colonized;2S5093Bn17cAVhrLlXm77h
