sevdaliza the valley
annasir bol
esa williams, auntie flo i want to blow your mind  esa 
débruit  alsarah reve du niger
claire boucher, aristophanes, grimes scream
miss red rollercoaster
muslimgauze amber lake
princess nokia anomaly
nicolai carsten, bender olaf, diamond version get yours
these hidden hands  armed 3
aphex twin window licker
myss keta le ragazze di porta venezia - versione ferro e fouco
ziúr lips
none numb (dinamarca )
tartit eha ehenia (el remolón )
johann johansson the beast
telepathe so fine
shygril nvr
tzusing digital properties
księżyc mm
 , baths lammicken (braids cover)
tzusing esther
kaitlyn aurelia smith, suzanne ciani an intention
niziński robert, jerz igor orkiestra gniewna
samba de coco raízes de arcoverde  e boi (maga bo ) 
maga bo  no balanço da canoa  rosângela macedo and marcelo yuka
the budapest film orchestra aj mera jee karda (zimpala )
ryan vail and jealous of the birds  love is a crow
abul mogard tumbling relentless heaps
birdy nam nam hammer head ( mai lan)
demdike stare savage distort
ben frost rare decay
school of seven bells, prefuse 73 the classical sounds of 73 bells
the prodigy, juliette lewis spitfire
simple acoustic trio hyperballad
beacon  imu
sos gunver ryberg, ai¨sha devi, rrose, paula temple  dr2-3
moti lal handa powerful shiv raksha kavach
shankar mahadevan  mahalaxmi shiva shiva shankara
shiva tandava instrumental music
shiv tandav stotram music dunya
tandav on track shiva devoted aghori swag
amadou binta konté and tidiane thiam diale´lam
unkle, elliott power, mink, and ysée outro (mandatory)
coldcut x on-u sound aztec riddim
sos gunver ryberg, ai¨sha devi, rrose, paula temple  dr2-1
populous, miranda nina umi
populous, miranda nina azul oro
rasina (karolina rec), resina dark sky white water
boys noize  hudson mohawke  spank rock  baby
colin stetson  sarah neufeld they all came down 
fancy rosy  punk police
seifu mikael, mikael seifu z zespołem how to save a life / vector of eternity
aristophanes  grimes humans become machines
coucou chloe flip u (prod. by sega bodega)
hector plimmer eastern system (ft drahla)
nawksh quantity
solace  blessings adani
unkle intro - shin
petit singe hue and cry
unkle, elliott power, mink, and ysée outro (mandatory)
autumn's grey solace cybele (the neo tribal )
max richter infra1
marylin manson say10
 morteza hannaneh  a3 
maga bo e da nossa cor ft mestre camaleao
le mystere des voix bulgares kaval sviri
sos gunver ryberg, ai¨sha devi, rrose, paula temple  gegen 
pj harvey,bjork  satisfaction
hülya süer  şeker oglan (kozmonot )
jonwayne, zeroh ted talk
genesis lovesick 
cut hands eat them like bread
fatou seidi ghali and alamnou akrouni fatou seidi ghali and alamnou akrouni  eliss wan anas douban
petit singe hue and cry
azekel new romance (om unit )
amy  the angels  i hate being in love
max richter infra1
coucou chloe flip u (prod. by sega bodega)
myss keta burqa di gucci
pj harvey (harvey polly jean) driving
ty segall meaning
coma taksówki
nicolai carsten, bender olaf, diamond version get yours
sinead o`connor jackie
dinamarca  rihanna  numb (dinamarca )
